<?xml version="1.0" encoding="UTF-8"?>
<!-- Generated by org.testng.reporters.JUnitReportReporter -->
<testsuite hostname="LAPTOP-MLTV1CME" failures="0" tests="1" name="Com.Banking.TestCases.Banking_LoginTestCase" time="15.722" errors="0" timestamp="2022-12-27T11:46:14 IST" skipped="0">
  <testcase classname="Com.Banking.TestCases.Banking_LoginTestCase" name="LoginTest" time="15.722"/>
  <system-out/>
</testsuite> <!-- Com.Banking.TestCases.Banking_LoginTestCase -->
